# /home/bioflora/allopolyploids/scripts/_check_lineages_polyploids.pl -t brachy.ph -f brachy.fna -v 1 -l 0

# sorted diploids (7): Osat,Hvul,Bsta,Bdis,Barb,Bpin,Bsyl

1 LOC_Os00g00000.1_Osat Bio::Tree::Node=HASH(0x2ce0438)
32
2 HORVU0Hr0G000000.1_Hvul Bio::Tree::Node=HASH(0x2ce24b0)
31,32
4 c00001_g1_i1_Chr00_Bsta Bio::Tree::Node=HASH(0x2cd8e60)
6,29,30,31,32
8 Bradi0g00000.1_Bdis Bio::Tree::Node=HASH(0x2cdcfe0)
10,27,28,29,30,31,32
11 c00002_g1_i1_chr0_Barb Bio::Tree::Node=HASH(0x2cdd538)
14,25,26,27,28,29,30,31,32
13 c00003_g1_i1_chr0_Bpin Bio::Tree::Node=HASH(0x2ce0af8)
23,24,25,26,27,28,29,30,31,32
15 Brasy-EspV1T00000_chr0_Bsyl Bio::Tree::Node=HASH(0x2ce06a8)
21,22,23,24,25,26,27,28,29,30,31,32
MRCA Osat 32 Hvul
MRCA Hvul 31 Bsta
MRCA Bsta 29 Bdis
MRCA Bdis 27 Barb
MRCA Barb 25 Bpin
MRCA Bpin 23 Bsyl
MRCA Bsyl 21 (last)
MRCA MRCA1 23
# overwrite MRCA1 with MRCA2
MRCA MRCA2 23
# overwrite MRCA2 with MRCABsylBpin
MRCA MRCABsylBpin 23

# brachy.label.fna brachy.label.reduced.fna 988 brachy.label.ph

	A	B	C	D	E	F	G	H	I	all
> Bmex
Bmex	0	0	0	0	0	0	0	0	0	0
> Bboi
Bboi	0	0	0	0	0	0	0	0	0	0
> Bret
Bret	0	0	0	0	0	0	0	0	0	0
> Bhyb
Bhyb	0	0	0	0	0	0	0	0	0	0
> Brup
c90000_g1_i1_chr0_Brup 20,21,22,23,24,25,26,27,28,29,30,31,32
anc_dip_taxon Bsyl (1)
<Osat>  (21) 32 20,21,22,23,24,25,26,27,28,29,30,31,32
<Hvul>  (21) 31,32 20,21,22,23,24,25,26,27,28,29,30,31,32
<Bsta>  (21) 6,29,30,31,32 20,21,22,23,24,25,26,27,28,29,30,31,32
<Bdis>  (21) 10,27,28,29,30,31,32 20,21,22,23,24,25,26,27,28,29,30,31,32
<Barb>  (21) 14,25,26,27,28,29,30,31,32 20,21,22,23,24,25,26,27,28,29,30,31,32
<MRCABsylBpin>  (21) 24,25,26,27,28,29,30,31,32 20,21,22,23,24,25,26,27,28,29,30,31,32
<Bpin>  (21) 23,24,25,26,27,28,29,30,31,32 20,21,22,23,24,25,26,27,28,29,30,31,32
<Bsyl> 21 (21) 21,22,23,24,25,26,27,28,29,30,31,32 20,21,22,23,24,25,26,27,28,29,30,31,32
des_dip_taxon Bsyl (1) -> H
c50000_g1_i1_chr0_Brup 26,27,28,29,30,31,32
anc_dip_taxon Bdis (0)
<Osat>  (27) 32 26,27,28,29,30,31,32
<Hvul>  (27) 31,32 26,27,28,29,30,31,32
<Bsta>  (27) 6,29,30,31,32 26,27,28,29,30,31,32
<Bdis> 27 (27) 10,27,28,29,30,31,32 26,27,28,29,30,31,32
<Barb> 26,27 (27) 14,25,26,27,28,29,30,31,32 26,27,28,29,30,31,32
<MRCABsylBpin> 26,27 (27) 24,25,26,27,28,29,30,31,32 26,27,28,29,30,31,32
<Bpin> 26,27 (27) 23,24,25,26,27,28,29,30,31,32 26,27,28,29,30,31,32
<Bsyl> 26,27 (27) 21,22,23,24,25,26,27,28,29,30,31,32 26,27,28,29,30,31,32
des_dip_taxon Barb (0) -> E
c40000_g1_i1_chr0_Brup 10,27,28,29,30,31,32
anc_dip_taxon Bdis (1)
<Osat>  (10) 32 10,27,28,29,30,31,32
<Hvul>  (10) 31,32 10,27,28,29,30,31,32
<Bsta>  (10) 6,29,30,31,32 10,27,28,29,30,31,32
des_dip_taxon Bdis (1) -> D
c10000_g1_i1_chr0_Brup 30,31,32
anc_dip_taxon Hvul (0)
<Osat>  (31) 32 30,31,32
<Hvul> 31 (31) 31,32 30,31,32
<Bsta> 30,31 (31) 6,29,30,31,32 30,31,32
<Bdis> 30,31 (31) 10,27,28,29,30,31,32 30,31,32
<Barb> 30,31 (31) 14,25,26,27,28,29,30,31,32 30,31,32
<MRCABsylBpin> 30,31 (31) 24,25,26,27,28,29,30,31,32 30,31,32
<Bpin> 30,31 (31) 23,24,25,26,27,28,29,30,31,32 30,31,32
<Bsyl> 30,31 (31) 21,22,23,24,25,26,27,28,29,30,31,32 30,31,32
des_dip_taxon Bsta (0) -> A
c80000_g1_i1_chr0_Brup 22,23,24,25,26,27,28,29,30,31,32
anc_dip_taxon MRCABsylBpin (0)
<Osat>  (23) 32 22,23,24,25,26,27,28,29,30,31,32
<Hvul>  (23) 31,32 22,23,24,25,26,27,28,29,30,31,32
<Bsta>  (23) 6,29,30,31,32 22,23,24,25,26,27,28,29,30,31,32
<Bdis>  (23) 10,27,28,29,30,31,32 22,23,24,25,26,27,28,29,30,31,32
<Barb>  (23) 14,25,26,27,28,29,30,31,32 22,23,24,25,26,27,28,29,30,31,32
<MRCABsylBpin>  (23) 24,25,26,27,28,29,30,31,32 22,23,24,25,26,27,28,29,30,31,32
<Bpin> 23 (23) 23,24,25,26,27,28,29,30,31,32 22,23,24,25,26,27,28,29,30,31,32
<Bsyl> 22,23 (23) 21,22,23,24,25,26,27,28,29,30,31,32 22,23,24,25,26,27,28,29,30,31,32
des_dip_taxon Bsyl (0) -> H
c70000_g1_i1_chr0_Brup 24,25,26,27,28,29,30,31,32
anc_dip_taxon Barb (0)
<Osat>  (25) 32 24,25,26,27,28,29,30,31,32
<Hvul>  (25) 31,32 24,25,26,27,28,29,30,31,32
<Bsta>  (25) 6,29,30,31,32 24,25,26,27,28,29,30,31,32
<Bdis>  (25) 10,27,28,29,30,31,32 24,25,26,27,28,29,30,31,32
<Barb> 25 (25) 14,25,26,27,28,29,30,31,32 24,25,26,27,28,29,30,31,32
<MRCABsylBpin> 24,25 (25) 24,25,26,27,28,29,30,31,32 24,25,26,27,28,29,30,31,32
<Bpin> 24,25 (25) 23,24,25,26,27,28,29,30,31,32 24,25,26,27,28,29,30,31,32
<Bsyl> 24,25 (25) 21,22,23,24,25,26,27,28,29,30,31,32 24,25,26,27,28,29,30,31,32
des_dip_taxon MRCABsylBpin (0) -> G
c60000_g1_i1_chr0_Brup 14,25,26,27,28,29,30,31,32
anc_dip_taxon Barb (1)
<Osat>  (14) 32 14,25,26,27,28,29,30,31,32
<Hvul>  (14) 31,32 14,25,26,27,28,29,30,31,32
<Bsta>  (14) 6,29,30,31,32 14,25,26,27,28,29,30,31,32
<Bdis>  (14) 10,27,28,29,30,31,32 14,25,26,27,28,29,30,31,32
des_dip_taxon Barb (1) -> F
c20000_g1_i1_chr0_Brup 6,29,30,31,32
anc_dip_taxon Bsta (1)
<Osat>  (6) 32 6,29,30,31,32
<Hvul>  (6) 31,32 6,29,30,31,32
des_dip_taxon Bsta (1) -> B
c30000_g1_i1_chr0_Brup 28,29,30,31,32
anc_dip_taxon Bsta (0)
<Osat>  (29) 32 28,29,30,31,32
<Hvul>  (29) 31,32 28,29,30,31,32
<Bsta> 29 (29) 6,29,30,31,32 28,29,30,31,32
<Bdis> 28,29 (29) 10,27,28,29,30,31,32 28,29,30,31,32
<Barb> 28,29 (29) 14,25,26,27,28,29,30,31,32 28,29,30,31,32
<MRCABsylBpin> 28,29 (29) 24,25,26,27,28,29,30,31,32 28,29,30,31,32
<Bpin> 28,29 (29) 23,24,25,26,27,28,29,30,31,32 28,29,30,31,32
<Bsyl> 28,29 (29) 21,22,23,24,25,26,27,28,29,30,31,32 28,29,30,31,32
des_dip_taxon Bdis (0) -> C
Brup	1	1	1	1	1	1	1	1	0	8
> Bpho
Bpho	0	0	0	0	0	0	0	0	0	0
> B422
B422	0	0	0	0	0	0	0	0	0	0
