# /home/bioflora/allopolyploids/scripts/_check_lineages_polyploids.pl -t wheat.ph -f wheat.fna -v 1 -l 0

# sorted diploids (8): Osat,Bdis,Hvul,Tura,Tmon,Aspe,Asha,Atau

1 LOC_Os00g00000.1_Osat Bio::Tree::Node=HASH(0x2f96428)
35
2 Bradi0g00000.1_Bdis Bio::Tree::Node=HASH(0x2f970e8)
34,35
3 Hv_MLOC_00000.1_Hvul Bio::Tree::Node=HASH(0x2f96ff8)
33,34,35
6 TuLoc000000.1_Tura Bio::Tree::Node=HASH(0x2f5b110)
8,12,13,31,32,33,34,35
8 TmLoc000000.1_Tmon Bio::Tree::Node=HASH(0x2f5b578)
11,12,13,31,32,33,34,35
11 AspLoc000000.1_Aspe Bio::Tree::Node=HASH(0x2f93998)
17,29,30,31,32,33,34,35
14 AshLoc000000.1_Asha Bio::Tree::Node=HASH(0x2f93c98)
21,27,28,29,30,31,32,33,34,35
17 AEGTA00000_Atau Bio::Tree::Node=HASH(0x2f941a8)
25,26,27,28,29,30,31,32,33,34,35
MRCA Osat 35 Bdis
MRCA Bdis 34 Hvul
MRCA Hvul 33 Tura
MRCA Tura 12 Tmon
MRCA Tmon 31 Aspe
MRCA Aspe 29 Asha
MRCA Asha 27 Atau
MRCA Atau 25 (last)
MRCA MRCATr 12
MRCA MRCAAe 29
MRCA MRCAAeTr 31

# wheat.label.fna wheat.label.reduced.fna 1241 wheat.label.ph

	A	B	C	D	E	F	G	H	I	all
> Taes
Ta2blLoc000000.10_Taes 25,26,27,28,29,30,31,32,33,34,35
anc_dip_taxon Atau (1)
<Osat>  (25) 35 25,26,27,28,29,30,31,32,33,34,35
<Bdis>  (25) 34,35 25,26,27,28,29,30,31,32,33,34,35
<Hvul>  (25) 33,34,35 25,26,27,28,29,30,31,32,33,34,35
<MRCAAeTr>  (25) 32,33,34,35 25,26,27,28,29,30,31,32,33,34,35
<MRCATr>  (25) 12,13,31,32,33,34,35 25,26,27,28,29,30,31,32,33,34,35
<Tura>  (25) 8,12,13,31,32,33,34,35 25,26,27,28,29,30,31,32,33,34,35
<Tmon>  (25) 11,12,13,31,32,33,34,35 25,26,27,28,29,30,31,32,33,34,35
<MRCAAe>  (25) 29,30,31,32,33,34,35 25,26,27,28,29,30,31,32,33,34,35
<Aspe>  (25) 17,29,30,31,32,33,34,35 25,26,27,28,29,30,31,32,33,34,35
<Asha>  (25) 21,27,28,29,30,31,32,33,34,35 25,26,27,28,29,30,31,32,33,34,35
des_dip_taxon Atau (1) -> F
Ta2blLoc000000.9_Taes 26,27,28,29,30,31,32,33,34,35
anc_dip_taxon Asha (0)
<Osat>  (27) 35 26,27,28,29,30,31,32,33,34,35
<Bdis>  (27) 34,35 26,27,28,29,30,31,32,33,34,35
<Hvul>  (27) 33,34,35 26,27,28,29,30,31,32,33,34,35
<MRCAAeTr>  (27) 32,33,34,35 26,27,28,29,30,31,32,33,34,35
<MRCATr>  (27) 12,13,31,32,33,34,35 26,27,28,29,30,31,32,33,34,35
<Tura>  (27) 8,12,13,31,32,33,34,35 26,27,28,29,30,31,32,33,34,35
<Tmon>  (27) 11,12,13,31,32,33,34,35 26,27,28,29,30,31,32,33,34,35
<MRCAAe>  (27) 29,30,31,32,33,34,35 26,27,28,29,30,31,32,33,34,35
<Aspe>  (27) 17,29,30,31,32,33,34,35 26,27,28,29,30,31,32,33,34,35
<Asha> 27 (27) 21,27,28,29,30,31,32,33,34,35 26,27,28,29,30,31,32,33,34,35
<Atau> 26,27 (27) 25,26,27,28,29,30,31,32,33,34,35 26,27,28,29,30,31,32,33,34,35
des_dip_taxon Atau (0) -> F
Ta2blLoc000000.3_Taes 8,12,13,31,32,33,34,35
anc_dip_taxon Tura (1)
<Osat>  (8) 35 8,12,13,31,32,33,34,35
<Bdis>  (8) 34,35 8,12,13,31,32,33,34,35
<Hvul>  (8) 33,34,35 8,12,13,31,32,33,34,35
<MRCAAeTr>  (8) 32,33,34,35 8,12,13,31,32,33,34,35
<MRCATr>  (8) 12,13,31,32,33,34,35 8,12,13,31,32,33,34,35
des_dip_taxon Tura (1) -> I
Ta2blLoc000000.7_Taes 28,29,30,31,32,33,34,35
anc_dip_taxon MRCAAe (0)
<Osat>  (29) 35 28,29,30,31,32,33,34,35
<Bdis>  (29) 34,35 28,29,30,31,32,33,34,35
<Hvul>  (29) 33,34,35 28,29,30,31,32,33,34,35
<MRCAAeTr>  (29) 32,33,34,35 28,29,30,31,32,33,34,35
<MRCATr>  (29) 12,13,31,32,33,34,35 28,29,30,31,32,33,34,35
<Tura>  (29) 8,12,13,31,32,33,34,35 28,29,30,31,32,33,34,35
<Tmon>  (29) 11,12,13,31,32,33,34,35 28,29,30,31,32,33,34,35
<MRCAAe> 29 (29) 29,30,31,32,33,34,35 28,29,30,31,32,33,34,35
<Aspe> 29 (29) 17,29,30,31,32,33,34,35 28,29,30,31,32,33,34,35
<Asha> 28,29 (29) 21,27,28,29,30,31,32,33,34,35 28,29,30,31,32,33,34,35
<Atau> 28,29 (29) 25,26,27,28,29,30,31,32,33,34,35 28,29,30,31,32,33,34,35
des_dip_taxon Asha (0) -> D
Ta2blLoc000000.1_Taes 32,33,34,35
anc_dip_taxon Hvul (0)
<Osat>  (33) 35 32,33,34,35
<Bdis>  (33) 34,35 32,33,34,35
<Hvul> 33 (33) 33,34,35 32,33,34,35
<MRCAAeTr> 32,33 (33) 32,33,34,35 32,33,34,35
<MRCATr> 32,33 (33) 12,13,31,32,33,34,35 32,33,34,35
<Tura> 32,33 (33) 8,12,13,31,32,33,34,35 32,33,34,35
<Tmon> 32,33 (33) 11,12,13,31,32,33,34,35 32,33,34,35
<MRCAAe> 32,33 (33) 29,30,31,32,33,34,35 32,33,34,35
<Aspe> 32,33 (33) 17,29,30,31,32,33,34,35 32,33,34,35
<Asha> 32,33 (33) 21,27,28,29,30,31,32,33,34,35 32,33,34,35
<Atau> 32,33 (33) 25,26,27,28,29,30,31,32,33,34,35 32,33,34,35
des_dip_taxon MRCAAeTr (0) -> A
Ta2blLoc000000.2_Taes 13,31,32,33,34,35
anc_dip_taxon MRCAAeTr (0)
<Osat>  (31) 35 13,31,32,33,34,35
<Bdis>  (31) 34,35 13,31,32,33,34,35
<Hvul>  (31) 33,34,35 13,31,32,33,34,35
<MRCAAeTr>  (31) 32,33,34,35 13,31,32,33,34,35
<MRCATr> 13,31 (31) 12,13,31,32,33,34,35 13,31,32,33,34,35
<Tura> 13,31 (31) 8,12,13,31,32,33,34,35 13,31,32,33,34,35
<Tmon> 13,31 (31) 11,12,13,31,32,33,34,35 13,31,32,33,34,35
<MRCAAe> 31 (31) 29,30,31,32,33,34,35 13,31,32,33,34,35
<Aspe> 31 (31) 17,29,30,31,32,33,34,35 13,31,32,33,34,35
<Asha> 31 (31) 21,27,28,29,30,31,32,33,34,35 13,31,32,33,34,35
<Atau> 31 (31) 25,26,27,28,29,30,31,32,33,34,35 13,31,32,33,34,35
des_dip_taxon MRCATr (0) -> G
Ta2blLoc000000.4_Taes 11,12,13,31,32,33,34,35
anc_dip_taxon Tmon (1)
<Osat>  (11) 35 11,12,13,31,32,33,34,35
<Bdis>  (11) 34,35 11,12,13,31,32,33,34,35
<Hvul>  (11) 33,34,35 11,12,13,31,32,33,34,35
<MRCAAeTr>  (11) 32,33,34,35 11,12,13,31,32,33,34,35
<MRCATr>  (11) 12,13,31,32,33,34,35 11,12,13,31,32,33,34,35
<Tura>  (11) 8,12,13,31,32,33,34,35 11,12,13,31,32,33,34,35
des_dip_taxon Tmon (1) -> H
Ta2blLoc000000.6_Taes 17,29,30,31,32,33,34,35
anc_dip_taxon Aspe (1)
<Osat>  (17) 35 17,29,30,31,32,33,34,35
<Bdis>  (17) 34,35 17,29,30,31,32,33,34,35
<Hvul>  (17) 33,34,35 17,29,30,31,32,33,34,35
<MRCAAeTr>  (17) 32,33,34,35 17,29,30,31,32,33,34,35
<MRCATr>  (17) 12,13,31,32,33,34,35 17,29,30,31,32,33,34,35
<Tura>  (17) 8,12,13,31,32,33,34,35 17,29,30,31,32,33,34,35
<Tmon>  (17) 11,12,13,31,32,33,34,35 17,29,30,31,32,33,34,35
<MRCAAe>  (17) 29,30,31,32,33,34,35 17,29,30,31,32,33,34,35
des_dip_taxon Aspe (1) -> C
Ta2blLoc000000.8_Taes 21,27,28,29,30,31,32,33,34,35
anc_dip_taxon Asha (1)
<Osat>  (21) 35 21,27,28,29,30,31,32,33,34,35
<Bdis>  (21) 34,35 21,27,28,29,30,31,32,33,34,35
<Hvul>  (21) 33,34,35 21,27,28,29,30,31,32,33,34,35
<MRCAAeTr>  (21) 32,33,34,35 21,27,28,29,30,31,32,33,34,35
<MRCATr>  (21) 12,13,31,32,33,34,35 21,27,28,29,30,31,32,33,34,35
<Tura>  (21) 8,12,13,31,32,33,34,35 21,27,28,29,30,31,32,33,34,35
<Tmon>  (21) 11,12,13,31,32,33,34,35 21,27,28,29,30,31,32,33,34,35
<MRCAAe>  (21) 29,30,31,32,33,34,35 21,27,28,29,30,31,32,33,34,35
<Aspe>  (21) 17,29,30,31,32,33,34,35 21,27,28,29,30,31,32,33,34,35
des_dip_taxon Asha (1) -> E
Ta2blLoc000000.5_Taes 30,31,32,33,34,35
anc_dip_taxon MRCAAeTr (0)
<Osat>  (31) 35 30,31,32,33,34,35
<Bdis>  (31) 34,35 30,31,32,33,34,35
<Hvul>  (31) 33,34,35 30,31,32,33,34,35
<MRCAAeTr>  (31) 32,33,34,35 30,31,32,33,34,35
<MRCATr> 31 (31) 12,13,31,32,33,34,35 30,31,32,33,34,35
<Tura> 31 (31) 8,12,13,31,32,33,34,35 30,31,32,33,34,35
<Tmon> 31 (31) 11,12,13,31,32,33,34,35 30,31,32,33,34,35
<MRCAAe> 30,31 (31) 29,30,31,32,33,34,35 30,31,32,33,34,35
<Aspe> 30,31 (31) 17,29,30,31,32,33,34,35 30,31,32,33,34,35
<Asha> 30,31 (31) 21,27,28,29,30,31,32,33,34,35 30,31,32,33,34,35
<Atau> 30,31 (31) 25,26,27,28,29,30,31,32,33,34,35 30,31,32,33,34,35
des_dip_taxon MRCAAe (0) -> B
Taes	1	1	1	1	1	1	1	1	1	9
> Ttur
Ttur	0	0	0	0	0	0	0	0	0	0
